<?xml version="1.0" encoding="UTF-8"?>
<testsuite xmlns:xsi="http://www.w3.org/2001/XMLSchema-instance" xsi:noNamespaceSchemaLocation="https://maven.apache.org/surefire/maven-surefire-plugin/xsd/surefire-test-report-3.0.xsd" version="3.0" name="visualizer.SceneClampingTest" time="0.045" tests="16" errors="0" skipped="0" failures="0">
  <properties>
[...]
</properties>
  <testcase name="oscilloscopeGainXClampedAtMinimum" classname="visualizer.SceneClampingTest" time="0.015"/>
  <testcase name="oscilloscopeBrightnessClampedAtMaximum" classname="visualizer.SceneClampingTest" time="0.001"/>
  <testcase name="oscilloscopeBrightnessClampedAtMinimum" classname="visualizer.SceneClampingTest" time="0.001"/>
  <testcase name="oscilloscopeGainYClampedAtMaximum" classname="visualizer.SceneClampingTest" time="0.0"/>
  <testcase name="halo2PulseSensClampedAtMaximum" classname="visualizer.SceneClampingTest" time="0.0"/>
  <testcase name="heartColsCannotDropBelowOne" classname="visualizer.SceneClampingTest" time="0.001"/>
  <testcase name="halo2PulseSensClampedAtMinimum" classname="visualizer.SceneClampingTest" time="0.001"/>
  <testcase name="oscilloscopeTrailAlphaClampedAtMaximum" classname="visualizer.SceneClampingTest" time="0.0"/>
  <testcase name="shapes3DPulseSensitivityClampedAtMaximum" classname="visualizer.SceneClampingTest" time="0.001"/>
  <testcase name="heartColsCannotExceedMaximum" classname="visualizer.SceneClampingTest" time="0.0"/>
  <testcase name="oscilloscopeTrailAlphaClampedAtMinimum" classname="visualizer.SceneClampingTest" time="0.0"/>
  <testcase name="shapes3DPlateScaleClampedAtMaximum" classname="visualizer.SceneClampingTest" time="0.0"/>
  <testcase name="shapes3DPlateScaleClampedAtMinimum" classname="visualizer.SceneClampingTest" time="0.001"/>
  <testcase name="smallAdjustmentInMiddleOfRangeIsUnclamped" classname="visualizer.SceneClampingTest" time="0.001"/>
  <testcase name="oscilloscopeGainXClampedAtMaximum" classname="visualizer.SceneClampingTest" time="0.001"/>
  <testcase name="shapes3DPulseSensitivityCannotDropBelowMinimum" classname="visualizer.SceneClampingTest" time="0.001"/>
</testsuite>